    WARNING: & (U+0026) is already defined more than once on the keyboard (on VK_7, ShiftState 'Shift' and VK_6, ShiftState 'Shift').
    WARNING: The character φ (U+03c6) exists in the entry for VK_F, ShiftState 'Ctl+Alt' of the layout table and is not in the default system code page (1252) of the German (Germany) language you specified. This may cause compatibility problems in non-Unicode applications.
    WARNING: The character ψ (U+03c8) exists in the entry for VK_F, ShiftState 'Shift+Ctl+Alt' of the layout table and is not in the default system code page (1252) of the German (Germany) language you specified. This may cause compatibility problems in non-Unicode applications.
    WARNING: The character π (U+03c0) exists in the entry for VK_P, ShiftState 'Shift+Ctl+Alt' of the layout table and is not in the default system code page (1252) of the German (Germany) language you specified. This may cause compatibility problems in non-Unicode applications.
    WARNING: The character σ (U+03c3) exists in the entry for VK_S, ShiftState 'Ctl+Alt' of the layout table and is not in the default system code page (1252) of the German (Germany) language you specified. This may cause compatibility problems in non-Unicode applications.
    WARNING: The character Σ (U+03a3) exists in the entry for VK_S, ShiftState 'Shift+Ctl+Alt' of the layout table and is not in the default system code page (1252) of the German (Germany) language you specified. This may cause compatibility problems in non-Unicode applications.
    WARNING: ! (U+0021) is already defined more than once on the keyboard (on VK_U, ShiftState 'Ctl+Alt' and VK_1, ShiftState 'Shift').
    WARNING: The character ∀ (U+2200) exists in the entry for VK_OEM_COMMA, ShiftState 'Ctl+Alt' of the layout table and is not in the default system code page (1252) of the German (Germany) language you specified. This may cause compatibility problems in non-Unicode applications.
    WARNING: The character → (U+2192) exists in the entry for VK_OEM_COMMA, ShiftState 'Shift+Ctl+Alt' of the layout table and is not in the default system code page (1252) of the German (Germany) language you specified. This may cause compatibility problems in non-Unicode applications.
    WARNING: The character λ (U+03bb) exists in the entry for VK_OEM_MINUS, ShiftState 'Ctl+Alt' of the layout table and is not in the default system code page (1252) of the German (Germany) language you specified. This may cause compatibility problems in non-Unicode applications.
    WARNING: The character Λ (U+039b) exists in the entry for VK_OEM_MINUS, ShiftState 'Shift+Ctl+Alt' of the layout table and is not in the default system code page (1252) of the German (Germany) language you specified. This may cause compatibility problems in non-Unicode applications.
    WARNING: The character ∃ (U+2203) exists in the entry for VK_OEM_PERIOD, ShiftState 'Ctl+Alt' of the layout table and is not in the default system code page (1252) of the German (Germany) language you specified. This may cause compatibility problems in non-Unicode applications.
    WARNING: The character ⇀ (U+21c0) exists in the entry for VK_OEM_PERIOD, ShiftState 'Shift+Ctl+Alt' of the layout table and is not in the default system code page (1252) of the German (Germany) language you specified. This may cause compatibility problems in non-Unicode applications.
    WARNING: ( (U+0028) is already defined more than once on the keyboard (on VK_OEM_4, ShiftState 'Shift' and VK_8, ShiftState 'Shift').
    WARNING: The character ⇒ (U+21d2) exists in the entry for VK_OEM_5, ShiftState 'Ctl+Alt' of the layout table and is not in the default system code page (1252) of the German (Germany) language you specified. This may cause compatibility problems in non-Unicode applications.
    WARNING: ) (U+0029) is already defined more than once on the keyboard (on VK_OEM_6, ShiftState 'Shift' and VK_9, ShiftState 'Shift').
    WARNING: The character ☢ (U+2622) exists in the entry for VK_OEM_7, ShiftState 'Shift' of the layout table and is not in the default system code page (1252) of the German (Germany) language you specified. This may cause compatibility problems in non-Unicode applications.
    WARNING: The character ᚠ (U+16a0) exists in the entry for VK_OEM_7, ShiftState 'Ctl+Alt' of the layout table and is not in the default system code page (1252) of the German (Germany) language you specified. This may cause compatibility problems in non-Unicode applications.
    WARNING: The character Π (U+03a0) exists in the entry for VK_OEM_7, ShiftState 'Shift+Ctl+Alt' of the layout table and is not in the default system code page (1252) of the German (Germany) language you specified. This may cause compatibility problems in non-Unicode applications.
    WARNING: '[' defined on OEM_102 (Base) but not defined elsewhere. This key may not be present on all keyboards.
    WARNING: '{' defined on OEM_102 (Shift) but not defined elsewhere. This key may not be present on all keyboards.
    WARNING: '|' defined on OEM_102 (Ctl+Alt) but not defined elsewhere. This key may not be present on all keyboards.
    WARNING: '¦' defined on OEM_102 (Shift+Ctl+Alt) but not defined elsewhere. This key may not be present on all keyboards.
    WARNING: Caps Lock is set between '#' and ''' (VK_Z, ShiftStates 'Base' and 'Shift').
    WARNING: Caps Lock is not set between 'l' and 'L' (VK_OEM_MINUS, ShiftStates 'Base' and 'Shift').
